<component name="libraryTable">
  <library name="junit">
    <CLASSES>
      <root url="jar://E:/fileclassify_data/fansi/paoding-analysis-2.0.4-beta/lib/junit.jar!/" />
    </CLASSES>
    <JAVADOC />
    <SOURCES />
  </library>
</component>